<?xml version="1.0" encoding="UTF-8"?>
<!-- Generated by org.testng.reporters.JUnitReportReporter -->
<testsuite hostname="DESKTOP-11UCV8M" failures="0" tests="1" name="tests.LogoutTest" time="4.016" errors="0" timestamp="2025-07-16T19:20:13 IST" skipped="0">
  <testcase classname="tests.LogoutTest" name="testLogout" time="4.016"/>
</testsuite> <!-- tests.LogoutTest -->
